生成启动时间为 2015/9/18 11:02:10。
     1>项目“F:\Program\Algorithm\Algorithm\Matrix_multiply\Matrix_multiply.vcxproj”在节点 2 上(build 个目标)。
     1>InitializeBuildStatus:
         正在创建“Debug\Matrix_multiply.unsuccessfulbuild”，因为已指定“AlwaysCreate”。
       ClCompile:
         C:\Program Files (x86)\Microsoft Visual Studio 10.0\VC\bin\CL.exe /c /ZI /nologo /W3 /WX- /Od /Oy- /D WIN32 /D _DEBUG /D _CONSOLE /D _UNICODE /D UNICODE /Gm /EHsc /RTC1 /MDd /GS /fp:precise /Zc:wchar_t /Zc:forScope /Fo"Debug\\" /Fd"Debug\vc100.pdb" /Gd /TP /analyze- /errorReport:prompt main.cpp
         main.cpp
     1>f:\program\algorithm\algorithm\matrix_multiply\main.cpp(34): warning C4996: 'scanf': This function or variable may be unsafe. Consider using scanf_s instead. To disable deprecation, use _CRT_SECURE_NO_WARNINGS. See online help for details.
                 c:\program files (x86)\microsoft visual studio 10.0\vc\include\stdio.h(304) : 参见“scanf”的声明
     1>f:\program\algorithm\algorithm\matrix_multiply\main.cpp(37): warning C4996: 'scanf': This function or variable may be unsafe. Consider using scanf_s instead. To disable deprecation, use _CRT_SECURE_NO_WARNINGS. See online help for details.
                 c:\program files (x86)\microsoft visual studio 10.0\vc\include\stdio.h(304) : 参见“scanf”的声明
       ManifestResourceCompile:
         所有输出均为最新。
       Link:
         C:\Program Files (x86)\Microsoft Visual Studio 10.0\VC\bin\link.exe /ERRORREPORT:PROMPT /OUT:"F:\Program\Algorithm\Algorithm\Debug\Matrix_multiply.exe" /INCREMENTAL /NOLOGO kernel32.lib user32.lib gdi32.lib winspool.lib comdlg32.lib advapi32.lib shell32.lib ole32.lib oleaut32.lib uuid.lib odbc32.lib odbccp32.lib /MANIFEST /ManifestFile:"Debug\Matrix_multiply.exe.intermediate.manifest" /MANIFESTUAC:"level='asInvoker' uiAccess='false'" /DEBUG /PDB:"F:\Program\Algorithm\Algorithm\Debug\Matrix_multiply.pdb" /SUBSYSTEM:CONSOLE /TLBID:1 /DYNAMICBASE /NXCOMPAT /IMPLIB:"F:\Program\Algorithm\Algorithm\Debug\Matrix_multiply.lib" /MACHINE:X86 Debug\Matrix_multiply.exe.embed.manifest.res
         Debug\main.obj
       Manifest:
         C:\Program Files (x86)\Microsoft SDKs\Windows\v7.0A\bin\mt.exe /nologo /verbose /out:"Debug\Matrix_multiply.exe.embed.manifest" /manifest Debug\Matrix_multiply.exe.intermediate.manifest
         所有输出均为最新。
       LinkEmbedManifest:
         所有输出均为最新。
         Matrix_multiply.vcxproj -> F:\Program\Algorithm\Algorithm\Debug\Matrix_multiply.exe
       FinalizeBuildStatus:
         正在删除文件“Debug\Matrix_multiply.unsuccessfulbuild”。
         正在对“Debug\Matrix_multiply.lastbuildstate”执行 Touch 任务。
     1>已完成生成项目“F:\Program\Algorithm\Algorithm\Matrix_multiply\Matrix_multiply.vcxproj”(build 个目标)的操作。

生成成功。

已用时间 00:00:00.79
